# JRE version: OpenJDK Runtime Environment Temurin-17.0.19+10 (17.0.19+10) (build 17.0.19+10)
# Java VM: OpenJDK 64-Bit Server VM Temurin-17.0.19+10 (17.0.19+10, mixed mode, sharing, tiered, compressed oops, compressed class ptrs, g1 gc, windows-amd64)
GC Precious Log:
 CPUs: 12 total, 12 available
 Memory: 7505M
 Large Page Support: Disabled
 NUMA Support: Disabled
 Compressed Oops: Enabled (32-bit)
 Heap Region Size: 1M
 Heap Min Capacity: 8M
 Heap Initial Capacity: 118M
 Heap Max Capacity: 1878M
 Pre-touch: Disabled
 Parallel Workers: 10
 Concurrent Workers: 3
 Concurrent Refinement Workers: 10
 Periodic GC: Disabled
Heap:
 garbage-first heap   total 120832K, used 58390K [0x000000008aa00000, 0x0000000100000000)
  region size 1024K, 16 young (16384K), 4 survivors (4096K)
 Metaspace       used 17260K, committed 17600K, reserved 1114112K
  class space    used 1998K, committed 2176K, reserved 1048576K
GC Heap History (10 events):
Event: 2.341 GC heap before
{Heap before GC invocations=0 (full 0):
 garbage-first heap   total 120832K, used 23552K [0x000000008aa00000, 0x0000000100000000)
  region size 1024K, 23 young (23552K), 0 survivors (0K)
 Metaspace       used 5368K, committed 5568K, reserved 1114112K
  class space    used 642K, committed 704K, reserved 1048576K
}
Event: 2.353 GC heap after
{Heap after GC invocations=1 (full 0):
 garbage-first heap   total 120832K, used 3556K [0x000000008aa00000, 0x0000000100000000)
  region size 1024K, 3 young (3072K), 3 survivors (3072K)
 Metaspace       used 5368K, committed 5568K, reserved 1114112K
  class space    used 642K, committed 704K, reserved 1048576K
}
Event: 3.277 GC heap before
{Heap before GC invocations=1 (full 0):
 garbage-first heap   total 120832K, used 34276K [0x000000008aa00000, 0x0000000100000000)
  region size 1024K, 33 young (33792K), 3 survivors (3072K)
 Metaspace       used 8030K, committed 8192K, reserved 1114112K
  class space    used 952K, committed 1024K, reserved 1048576K
}
Event: 3.284 GC heap after
{Heap after GC invocations=2 (full 0):
 garbage-first heap   total 120832K, used 4783K [0x000000008aa00000, 0x0000000100000000)
  region size 1024K, 2 young (2048K), 2 survivors (2048K)
 Metaspace       used 8030K, committed 8192K, reserved 1114112K
  class space    used 952K, committed 1024K, reserved 1048576K
}
Event: 5.642 GC heap before
{Heap before GC invocations=2 (full 0):
 garbage-first heap   total 120832K, used 74415K [0x000000008aa00000, 0x0000000100000000)
  region size 1024K, 70 young (71680K), 2 survivors (2048K)
 Metaspace       used 15193K, committed 15424K, reserved 1114112K
  class space    used 1831K, committed 1920K, reserved 1048576K
}
Event: 5.667 GC heap after
{Heap after GC invocations=3 (full 0):
 garbage-first heap   total 120832K, used 11628K [0x000000008aa00000, 0x0000000100000000)
  region size 1024K, 8 young (8192K), 8 survivors (8192K)
 Metaspace       used 15193K, committed 15424K, reserved 1114112K
  class space    used 1831K, committed 1920K, reserved 1048576K
}
Event: 7.434 GC heap before
{Heap before GC invocations=3 (full 0):
 garbage-first heap   total 120832K, used 94572K [0x000000008aa00000, 0x0000000100000000)
  region size 1024K, 70 young (71680K), 8 survivors (8192K)
 Metaspace       used 16871K, committed 17152K, reserved 1114112K
  class space    used 1967K, committed 2112K, reserved 1048576K
}
Event: 7.451 GC heap after
{Heap after GC invocations=4 (full 0):
 garbage-first heap   total 120832K, used 34963K [0x000000008aa00000, 0x0000000100000000)
  region size 1024K, 4 young (4096K), 4 survivors (4096K)
 Metaspace       used 16871K, committed 17152K, reserved 1114112K
  class space    used 1967K, committed 2112K, reserved 1048576K
}
Event: 7.463 GC heap before
{Heap before GC invocations=4 (full 0):
 garbage-first heap   total 120832K, used 55443K [0x000000008aa00000, 0x0000000100000000)
  region size 1024K, 5 young (5120K), 4 survivors (4096K)
 Metaspace       used 16887K, committed 17152K, reserved 1114112K
  class space    used 1969K, committed 2112K, reserved 1048576K
}
Event: 7.470 GC heap after
{Heap after GC invocations=5 (full 0):
 garbage-first heap   total 120832K, used 22550K [0x000000008aa00000, 0x0000000100000000)
  region size 1024K, 4 young (4096K), 4 survivors (4096K)
 Metaspace       used 16887K, committed 17152K, reserved 1114112K
  class space    used 1969K, committed 2112K, reserved 1048576K
}

